[   897.276] (--) Log file renamed from "/home/olga/.local/share/xorg/Xorg.pid-10749.log" to "/home/olga/.local/share/xorg/Xorg.0.log"
[   897.277] 
X.Org X Server 1.20.9
X Protocol Version 11, Revision 0
[   897.277] Build Operating System: Linux 4.15.0-118-generic x86_64 Ubuntu
[   897.277] Current Operating System: Linux ubuntu 5.8.0-44-generic #50-Ubuntu SMP Tue Feb 9 06:29:41 UTC 2021 x86_64
[   897.277] Kernel command line: BOOT_IMAGE=/boot/vmlinuz-5.8.0-44-generic root=UUID=3397cd7e-8bde-4980-a357-2abfbe94f6d7 ro find_preseed=/preseed.cfg auto noprompt priority=critical locale=en_US quiet
[   897.277] Build Date: 07 October 2020  05:46:52AM
[   897.277] xorg-server 2:1.20.9-2ubuntu1 (For technical support please see http://www.ubuntu.com/support) 
[   897.277] Current version of pixman: 0.38.4
[   897.277] 	Before reporting problems, check http://wiki.x.org
	to make sure that you have the latest version.
[   897.277] Markers: (--) probed, (**) from config file, (==) default setting,
	(++) from command line, (!!) notice, (II) informational,
	(WW) warning, (EE) error, (NI) not implemented, (??) unknown.
[   897.277] (==) Log file: "/home/olga/.local/share/xorg/Xorg.0.log", Time: Thu Feb 25 21:06:19 2021
[   897.277] (==) Using system config directory "/usr/share/X11/xorg.conf.d"
[   897.278] (==) No Layout section.  Using the first Screen section.
[   897.278] (==) No screen section available. Using defaults.
[   897.278] (**) |-->Screen "Default Screen Section" (0)
[   897.278] (**) |   |-->Monitor "<default monitor>"
[   897.278] (==) No monitor specified for screen "Default Screen Section".
	Using a default monitor configuration.
[   897.278] (==) Automatically adding devices
[   897.278] (==) Automatically enabling devices
[   897.278] (==) Automatically adding GPU devices
[   897.278] (==) Automatically binding GPU devices
[   897.278] (==) Max clients allowed: 256, resource mask: 0x1fffff
[   897.278] (WW) The directory "/usr/share/fonts/X11/cyrillic" does not exist.
[   897.278] 	Entry deleted from font path.
[   897.278] (WW) The directory "/usr/share/fonts/X11/100dpi/" does not exist.
[   897.278] 	Entry deleted from font path.
[   897.278] (WW) The directory "/usr/share/fonts/X11/75dpi/" does not exist.
[   897.278] 	Entry deleted from font path.
[   897.278] (WW) The directory "/usr/share/fonts/X11/100dpi" does not exist.
[   897.278] 	Entry deleted from font path.
[   897.278] (WW) The directory "/usr/share/fonts/X11/75dpi" does not exist.
[   897.278] 	Entry deleted from font path.
[   897.278] (==) FontPath set to:
	/usr/share/fonts/X11/misc,
	/usr/share/fonts/X11/Type1,
	built-ins
[   897.278] (==) ModulePath set to "/usr/lib/xorg/modules"
[   897.278] (II) The server relies on udev to provide the list of input devices.
	If no devices become available, reconfigure udev or disable AutoAddDevices.
[   897.278] (II) Loader magic: 0x5562ea33b020
[   897.278] (II) Module ABI versions:
[   897.278] 	X.Org ANSI C Emulation: 0.4
[   897.278] 	X.Org Video Driver: 24.1
[   897.278] 	X.Org XInput driver : 24.1
[   897.278] 	X.Org Server Extension : 10.0
[   897.281] (++) using VT number 2

[   897.288] (II) systemd-logind: took control of session /org/freedesktop/login1/session/_38
[   897.289] (II) xfree86: Adding drm device (/dev/dri/card0)
[   897.301] (II) systemd-logind: got fd for /dev/dri/card0 226:0 fd 14 paused 0
[   897.310] (--) PCI:*(0@0:15:0) 15ad:0405:15ad:0405 rev 0, Mem @ 0xe8000000/134217728, 0xfe000000/8388608, I/O @ 0x00001070/16, BIOS @ 0x????????/131072
[   897.310] (II) LoadModule: "glx"
[   897.310] (II) Loading /usr/lib/xorg/modules/extensions/libglx.so
[   897.311] (II) Module glx: vendor="X.Org Foundation"
[   897.311] 	compiled for 1.20.9, module version = 1.0.0
[   897.311] 	ABI class: X.Org Server Extension, version 10.0
[   897.311] (==) Matched vmware as autoconfigured driver 0
[   897.311] (==) Matched modesetting as autoconfigured driver 1
[   897.311] (==) Matched fbdev as autoconfigured driver 2
[   897.311] (==) Matched vesa as autoconfigured driver 3
[   897.311] (==) Assigned the driver to the xf86ConfigLayout
[   897.322] (II) LoadModule: "vmware"
[   897.322] (II) Loading /usr/lib/xorg/modules/drivers/vmware_drv.so
[   897.358] (II) Module vmware: vendor="X.Org Foundation"
[   897.358] 	compiled for 1.20.8, module version = 13.3.0
[   897.358] 	Module class: X.Org Video Driver
[   897.358] 	ABI class: X.Org Video Driver, version 24.1
[   897.358] (II) LoadModule: "modesetting"
[   897.358] (II) Loading /usr/lib/xorg/modules/drivers/modesetting_drv.so
[   897.358] (II) Module modesetting: vendor="X.Org Foundation"
[   897.358] 	compiled for 1.20.9, module version = 1.20.9
[   897.358] 	Module class: X.Org Video Driver
[   897.358] 	ABI class: X.Org Video Driver, version 24.1
[   897.358] (II) LoadModule: "fbdev"
[   897.358] (II) Loading /usr/lib/xorg/modules/drivers/fbdev_drv.so
[   897.358] (II) Module fbdev: vendor="X.Org Foundation"
[   897.358] 	compiled for 1.20.1, module version = 0.5.0
[   897.358] 	Module class: X.Org Video Driver
[   897.358] 	ABI class: X.Org Video Driver, version 24.0
[   897.358] (II) LoadModule: "vesa"
[   897.358] (II) Loading /usr/lib/xorg/modules/drivers/vesa_drv.so
[   897.359] (II) Module vesa: vendor="X.Org Foundation"
[   897.359] 	compiled for 1.20.8, module version = 2.5.0
[   897.359] 	Module class: X.Org Video Driver
[   897.359] 	ABI class: X.Org Video Driver, version 24.1
[   897.359] (II) vmware: driver for VMware SVGA: vmware0405, vmware0710
[   897.359] (II) modesetting: Driver for Modesetting Kernel Drivers: kms
[   897.359] (II) FBDEV: driver for framebuffer: fbdev
[   897.359] (II) VESA: driver for VESA chipsets: vesa
[   897.361] xf86EnableIOPorts: failed to set IOPL for I/O (Operation not permitted)
[   897.361] (WW) Falling back to old probe method for modesetting
[   897.363] (WW) Falling back to old probe method for fbdev
[   897.363] (II) Loading sub module "fbdevhw"
[   897.363] (II) LoadModule: "fbdevhw"
[   897.363] (II) Loading /usr/lib/xorg/modules/libfbdevhw.so
[   897.363] (II) Module fbdevhw: vendor="X.Org Foundation"
[   897.363] 	compiled for 1.20.9, module version = 0.0.2
[   897.363] 	ABI class: X.Org Video Driver, version 24.1
[   897.363] (EE) open /dev/fb0: Permission denied
[   897.363] (WW) VGA arbiter: cannot open kernel arbiter, no multi-card support
[   897.363] (II) vmware(0): Creating default Display subsection in Screen section
	"Default Screen Section" for depth/fbbpp 24/32
[   897.363] (--) vmware(0): DRM driver version is 2.18.0
[   897.363] (==) vmware(0): Depth 24, (--) framebuffer bpp 32
[   897.363] (==) vmware(0): RGB weight 888
[   897.363] (==) vmware(0): Default visual is TrueColor
[   897.363] (--) vmware(0): Min width 1, Max Width 16384.
[   897.363] (--) vmware(0): Min height 1, Max Height 16384.
[   897.363] (II) vmware(0): Output Virtual1 has no monitor section
[   897.363] (II) vmware(0): Output Virtual2 has no monitor section
[   897.363] (II) vmware(0): Output Virtual3 has no monitor section
[   897.363] (II) vmware(0): Output Virtual4 has no monitor section
[   897.363] (II) vmware(0): Output Virtual5 has no monitor section
[   897.363] (II) vmware(0): Output Virtual6 has no monitor section
[   897.363] (II) vmware(0): Output Virtual7 has no monitor section
[   897.363] (II) vmware(0): Output Virtual8 has no monitor section
[   897.363] (II) vmware(0): Printing probed modes for output Virtual1
[   897.364] (II) vmware(0): Modeline "800x600"x60.0   42.75  800 850 900 950  600 650 700 750 -hsync +vsync (45.0 kHz eP)
[   897.364] (II) vmware(0): Modeline "2560x1600"x60.0  348.50  2560 2752 3032 3504  1600 1603 1609 1658 -hsync +vsync (99.5 kHz e)
[   897.364] (II) vmware(0): Modeline "1920x1440"x60.0  234.00  1920 2048 2256 2600  1440 1441 1444 1500 -hsync +vsync (90.0 kHz e)
[   897.364] (II) vmware(0): Modeline "1856x1392"x60.0  218.25  1856 1952 2176 2528  1392 1393 1396 1439 -hsync +vsync (86.3 kHz e)
[   897.364] (II) vmware(0): Modeline "1792x1344"x60.0  204.75  1792 1920 2120 2448  1344 1345 1348 1394 -hsync +vsync (83.6 kHz e)
[   897.364] (II) vmware(0): Modeline "1920x1200"x59.9  193.25  1920 2056 2256 2592  1200 1203 1209 1245 -hsync +vsync (74.6 kHz e)
[   897.364] (II) vmware(0): Modeline "1600x1200"x60.0  162.00  1600 1664 1856 2160  1200 1201 1204 1250 +hsync +vsync (75.0 kHz e)
[   897.364] (II) vmware(0): Modeline "1680x1050"x60.0  146.25  1680 1784 1960 2240  1050 1053 1059 1089 -hsync +vsync (65.3 kHz e)
[   897.364] (II) vmware(0): Modeline "1400x1050"x60.0  121.75  1400 1488 1632 1864  1050 1053 1057 1089 -hsync +vsync (65.3 kHz e)
[   897.364] (II) vmware(0): Modeline "1280x1024"x60.0  108.00  1280 1328 1440 1688  1024 1025 1028 1066 +hsync +vsync (64.0 kHz e)
[   897.364] (II) vmware(0): Modeline "1440x900"x59.9  106.50  1440 1520 1672 1904  900 903 909 934 -hsync +vsync (55.9 kHz e)
[   897.364] (II) vmware(0): Modeline "1280x960"x60.0  108.00  1280 1376 1488 1800  960 961 964 1000 +hsync +vsync (60.0 kHz e)
[   897.364] (II) vmware(0): Modeline "1360x768"x60.0   85.50  1360 1424 1536 1792  768 771 777 795 +hsync +vsync (47.7 kHz e)
[   897.364] (II) vmware(0): Modeline "1280x800"x59.8   83.50  1280 1352 1480 1680  800 803 809 831 +hsync -vsync (49.7 kHz e)
[   897.364] (II) vmware(0): Modeline "1152x864"x75.0  108.00  1152 1216 1344 1600  864 865 868 900 +hsync +vsync (67.5 kHz e)
[   897.364] (II) vmware(0): Modeline "1280x768"x59.9   79.50  1280 1344 1472 1664  768 771 778 798 -hsync +vsync (47.8 kHz e)
[   897.364] (II) vmware(0): Modeline "1024x768"x60.0   65.00  1024 1048 1184 1344  768 771 777 806 -hsync -vsync (48.4 kHz e)
[   897.364] (II) vmware(0): Modeline "800x600"x60.3   40.00  800 840 968 1056  600 601 605 628 +hsync +vsync (37.9 kHz e)
[   897.364] (II) vmware(0): Modeline "640x480"x59.9   25.18  640 656 752 800  480 489 492 525 -hsync -vsync (31.5 kHz e)
[   897.364] (II) vmware(0): EDID for output Virtual2
[   897.364] (II) vmware(0): EDID for output Virtual3
[   897.364] (II) vmware(0): EDID for output Virtual4
[   897.364] (II) vmware(0): EDID for output Virtual5
[   897.364] (II) vmware(0): EDID for output Virtual6
[   897.364] (II) vmware(0): EDID for output Virtual7
[   897.364] (II) vmware(0): EDID for output Virtual8
[   897.364] (II) vmware(0): Output Virtual1 connected
[   897.364] (II) vmware(0): Output Virtual2 disconnected
[   897.364] (II) vmware(0): Output Virtual3 disconnected
[   897.364] (II) vmware(0): Output Virtual4 disconnected
[   897.364] (II) vmware(0): Output Virtual5 disconnected
[   897.364] (II) vmware(0): Output Virtual6 disconnected
[   897.364] (II) vmware(0): Output Virtual7 disconnected
[   897.364] (II) vmware(0): Output Virtual8 disconnected
[   897.364] (II) vmware(0): Using exact sizes for initial modes
[   897.364] (II) vmware(0): Output Virtual1 using initial mode 800x600 +0+0
[   897.364] (==) vmware(0): DPI set to (96, 96)
[   897.364] (==) vmware(0): Using gamma correction (1.0, 1.0, 1.0)
[   897.364] (II) Loading sub module "fb"
[   897.364] (II) LoadModule: "fb"
[   897.364] (II) Loading /usr/lib/xorg/modules/libfb.so
[   897.364] (II) Module fb: vendor="X.Org Foundation"
[   897.364] 	compiled for 1.20.9, module version = 1.0.0
[   897.364] 	ABI class: X.Org ANSI C Emulation, version 0.4
[   897.364] (II) Loading sub module "dri2"
[   897.364] (II) LoadModule: "dri2"
[   897.364] (II) Module "dri2" already built-in
[   897.364] (II) Loading sub module "dri3"
[   897.364] (II) LoadModule: "dri3"
[   897.364] (II) Module "dri3" already built-in
[   897.364] (II) UnloadModule: "modesetting"
[   897.364] (II) Unloading modesetting
[   897.364] (II) UnloadModule: "fbdev"
[   897.364] (II) Unloading fbdev
[   897.364] (II) UnloadSubModule: "fbdevhw"
[   897.364] (II) Unloading fbdevhw
[   897.364] (II) UnloadModule: "vesa"
[   897.364] (II) Unloading vesa
[   897.364] (II) vmware(0): Initialized VMWARE_CTRL extension version 0.2
[   897.402] (II) vmware(0): Gallium3D XA version: 2.5.0.
[   897.402] (II) vmware(0): Path of drm device is "/dev/dri/card0".
[   897.402] (II) vmware(0): [DRI2] Setup complete
[   897.402] (II) vmware(0): [DRI2]   DRI driver: vmwgfx
[   898.333] (--) vmware(0): Render acceleration is enabled.
[   898.333] (==) vmware(0): Rendercheck mode is disabled.
[   898.333] (--) vmware(0): Direct rendering (DRI2 3D) is enabled.
[   898.333] (--) vmware(0): Direct rendering (DRI3 3D) is enabled.
[   898.333] (==) vmware(0): Direct presents are disabled.
[   898.333] (==) vmware(0): Hardware only presents are automatic per scanout.
[   898.333] (==) vmware(0): Backing store enabled
[   898.333] (==) vmware(0): Silken mouse enabled
[   898.334] (==) vmware(0): DPMS enabled
[   898.334] (II) Initializing extension Generic Event Extension
[   898.334] (II) Initializing extension SHAPE
[   898.334] (II) Initializing extension MIT-SHM
[   898.334] (II) Initializing extension XInputExtension
[   898.334] (II) Initializing extension XTEST
[   898.334] (II) Initializing extension BIG-REQUESTS
[   898.334] (II) Initializing extension SYNC
[   898.334] (II) Initializing extension XKEYBOARD
[   898.335] (II) Initializing extension XC-MISC
[   898.335] (II) Initializing extension SECURITY
[   898.335] (II) Initializing extension XFIXES
[   898.335] (II) Initializing extension RENDER
[   898.335] (II) Initializing extension RANDR
[   898.335] (II) Initializing extension COMPOSITE
[   898.335] (II) Initializing extension DAMAGE
[   898.335] (II) Initializing extension MIT-SCREEN-SAVER
[   898.335] (II) Initializing extension DOUBLE-BUFFER
[   898.335] (II) Initializing extension RECORD
[   898.335] (II) Initializing extension DPMS
[   898.335] (II) Initializing extension Present
[   898.336] (II) Initializing extension DRI3
[   898.336] (II) Initializing extension X-Resource
[   898.336] (II) Initializing extension XVideo
[   898.336] (II) Initializing extension XVideo-MotionCompensation
[   898.336] (II) Initializing extension SELinux
[   898.336] (II) SELinux: Disabled on system
[   898.336] (II) Initializing extension GLX
[   898.367] (II) AIGLX: Loaded and initialized vmwgfx
[   898.367] (II) GLX: Initialized DRI2 GL provider for screen 0
[   898.367] (II) Initializing extension XFree86-VidModeExtension
[   898.367] (II) Initializing extension XFree86-DGA
[   898.367] (II) Initializing extension XFree86-DRI
[   898.367] (II) Initializing extension DRI2
[   898.380] (II) vmware(0): Setting screen physical size to 211 x 158
[   898.512] (II) config/udev: Adding input device Power Button (/dev/input/event0)
[   898.512] (**) Power Button: Applying InputClass "libinput keyboard catchall"
[   898.512] (II) LoadModule: "libinput"
[   898.512] (II) Loading /usr/lib/xorg/modules/input/libinput_drv.so
[   898.514] (II) Module libinput: vendor="X.Org Foundation"
[   898.514] 	compiled for 1.20.8, module version = 0.30.0
[   898.514] 	Module class: X.Org XInput Driver
[   898.514] 	ABI class: X.Org XInput driver, version 24.1
[   898.514] (II) Using input driver 'libinput' for 'Power Button'
[   898.520] (II) systemd-logind: got fd for /dev/input/event0 13:64 fd 26 paused 0
[   898.520] (**) Power Button: always reports core events
[   898.520] (**) Option "Device" "/dev/input/event0"
[   898.520] (**) Option "_source" "server/udev"
[   898.523] (II) event0  - Power Button: is tagged by udev as: Keyboard
[   898.523] (II) event0  - Power Button: device is a keyboard
[   898.523] (II) event0  - Power Button: device removed
[   898.523] (**) Option "config_info" "udev:/sys/devices/LNXSYSTM:00/LNXPWRBN:00/input/input0/event0"
[   898.523] (II) XINPUT: Adding extended input device "Power Button" (type: KEYBOARD, id 6)
[   898.523] (**) Option "xkb_model" "SKIP"
[   898.523] (**) Option "xkb_layout" "us"
[   898.565] (II) event0  - Power Button: is tagged by udev as: Keyboard
[   898.565] (II) event0  - Power Button: device is a keyboard
[   898.569] (II) config/udev: Adding input device VMware VMware Virtual USB Mouse (/dev/input/event4)
[   898.570] (**) VMware VMware Virtual USB Mouse: Applying InputClass "libinput pointer catchall"
[   898.570] (II) Using input driver 'libinput' for 'VMware VMware Virtual USB Mouse'
[   898.630] (II) systemd-logind: got fd for /dev/input/event4 13:68 fd 29 paused 0
[   898.630] (**) VMware VMware Virtual USB Mouse: always reports core events
[   898.630] (**) Option "Device" "/dev/input/event4"
[   898.630] (**) Option "_source" "server/udev"
[   898.632] (II) event4  - VMware VMware Virtual USB Mouse: is tagged by udev as: Mouse
[   898.633] (II) event4  - VMware VMware Virtual USB Mouse: device is a pointer
[   898.633] (II) event4  - VMware VMware Virtual USB Mouse: device removed
[   898.633] (**) Option "config_info" "udev:/sys/devices/pci0000:00/0000:00:11.0/0000:02:00.0/usb2/2-1/2-1:1.0/0003:0E0F:0003.0001/input/input5/event4"
[   898.633] (II) XINPUT: Adding extended input device "VMware VMware Virtual USB Mouse" (type: MOUSE, id 7)
[   898.634] (**) Option "AccelerationScheme" "none"
[   898.634] (**) VMware VMware Virtual USB Mouse: (accel) selected scheme none/0
[   898.634] (**) VMware VMware Virtual USB Mouse: (accel) acceleration factor: 2.000
[   898.634] (**) VMware VMware Virtual USB Mouse: (accel) acceleration threshold: 4
[   898.636] (II) event4  - VMware VMware Virtual USB Mouse: is tagged by udev as: Mouse
[   898.636] (II) event4  - VMware VMware Virtual USB Mouse: device is a pointer
[   898.645] (II) config/udev: Adding input device VMware VMware Virtual USB Mouse (/dev/input/mouse2)
[   898.645] (II) No input driver specified, ignoring this device.
[   898.645] (II) This device may have been added with another device file.
[   898.646] (II) config/udev: Adding input device AT Translated Set 2 keyboard (/dev/input/event1)
[   898.646] (**) AT Translated Set 2 keyboard: Applying InputClass "libinput keyboard catchall"
[   898.646] (II) Using input driver 'libinput' for 'AT Translated Set 2 keyboard'
[   898.654] (II) systemd-logind: got fd for /dev/input/event1 13:65 fd 30 paused 0
[   898.654] (**) AT Translated Set 2 keyboard: always reports core events
[   898.654] (**) Option "Device" "/dev/input/event1"
[   898.654] (**) Option "_source" "server/udev"
[   898.656] (II) event1  - AT Translated Set 2 keyboard: is tagged by udev as: Keyboard
[   898.656] (II) event1  - AT Translated Set 2 keyboard: device is a keyboard
[   898.656] (II) event1  - AT Translated Set 2 keyboard: device removed
[   898.657] (**) Option "config_info" "udev:/sys/devices/platform/i8042/serio0/input/input1/event1"
[   898.657] (II) XINPUT: Adding extended input device "AT Translated Set 2 keyboard" (type: KEYBOARD, id 8)
[   898.657] (**) Option "xkb_model" "SKIP"
[   898.657] (**) Option "xkb_layout" "us"
[   898.659] (II) event1  - AT Translated Set 2 keyboard: is tagged by udev as: Keyboard
[   898.659] (II) event1  - AT Translated Set 2 keyboard: device is a keyboard
[   898.660] (II) config/udev: Adding input device VirtualPS/2 VMware VMMouse (/dev/input/event3)
[   898.660] (**) VirtualPS/2 VMware VMMouse: Applying InputClass "libinput pointer catchall"
[   898.660] (II) Using input driver 'libinput' for 'VirtualPS/2 VMware VMMouse'
[   898.670] (II) systemd-logind: got fd for /dev/input/event3 13:67 fd 31 paused 0
[   898.670] (**) VirtualPS/2 VMware VMMouse: always reports core events
[   898.671] (**) Option "Device" "/dev/input/event3"
[   898.671] (**) Option "_source" "server/udev"
[   898.672] (II) event3  - VirtualPS/2 VMware VMMouse: is tagged by udev as: Mouse
[   898.672] (II) event3  - VirtualPS/2 VMware VMMouse: device is a pointer
[   898.673] (II) event3  - VirtualPS/2 VMware VMMouse: device removed
[   898.682] (**) Option "config_info" "udev:/sys/devices/platform/i8042/serio1/input/input3/event3"
[   898.682] (II) XINPUT: Adding extended input device "VirtualPS/2 VMware VMMouse" (type: MOUSE, id 9)
[   898.682] (**) Option "AccelerationScheme" "none"
[   898.682] (**) VirtualPS/2 VMware VMMouse: (accel) selected scheme none/0
[   898.682] (**) VirtualPS/2 VMware VMMouse: (accel) acceleration factor: 2.000
[   898.682] (**) VirtualPS/2 VMware VMMouse: (accel) acceleration threshold: 4
[   898.690] (II) event3  - VirtualPS/2 VMware VMMouse: is tagged by udev as: Mouse
[   898.690] (II) event3  - VirtualPS/2 VMware VMMouse: device is a pointer
[   898.691] (II) config/udev: Adding input device VirtualPS/2 VMware VMMouse (/dev/input/mouse1)
[   898.691] (II) No input driver specified, ignoring this device.
[   898.692] (II) This device may have been added with another device file.
[   898.692] (II) config/udev: Adding input device VirtualPS/2 VMware VMMouse (/dev/input/event2)
[   898.692] (**) VirtualPS/2 VMware VMMouse: Applying InputClass "libinput pointer catchall"
[   898.692] (II) Using input driver 'libinput' for 'VirtualPS/2 VMware VMMouse'
[   898.695] (II) systemd-logind: got fd for /dev/input/event2 13:66 fd 32 paused 0
[   898.695] (**) VirtualPS/2 VMware VMMouse: always reports core events
[   898.695] (**) Option "Device" "/dev/input/event2"
[   898.695] (**) Option "_source" "server/udev"
[   898.698] (II) event2  - VirtualPS/2 VMware VMMouse: is tagged by udev as: Mouse
[   898.699] (II) event2  - VirtualPS/2 VMware VMMouse: device is a pointer
[   898.699] (II) event2  - VirtualPS/2 VMware VMMouse: device removed
[   898.699] (**) Option "config_info" "udev:/sys/devices/platform/i8042/serio1/input/input4/event2"
[   898.699] (II) XINPUT: Adding extended input device "VirtualPS/2 VMware VMMouse" (type: MOUSE, id 10)
[   898.699] (**) Option "AccelerationScheme" "none"
[   898.699] (**) VirtualPS/2 VMware VMMouse: (accel) selected scheme none/0
[   898.699] (**) VirtualPS/2 VMware VMMouse: (accel) acceleration factor: 2.000
[   898.699] (**) VirtualPS/2 VMware VMMouse: (accel) acceleration threshold: 4
[   898.705] (II) event2  - VirtualPS/2 VMware VMMouse: is tagged by udev as: Mouse
[   898.705] (II) event2  - VirtualPS/2 VMware VMMouse: device is a pointer
[   898.706] (II) config/udev: Adding input device VirtualPS/2 VMware VMMouse (/dev/input/mouse0)
[   898.706] (II) No input driver specified, ignoring this device.
[   898.706] (II) This device may have been added with another device file.
[  5119.566] (!!) vmware(0): New layout.
[  5119.570] (!!) vmware(0): 0: 0 0 800 604
[  5119.570] (!!) vmware(0): 
[ 39044.427] (!!) vmware(0): New layout.
[ 39044.428] (!!) vmware(0): 0: 0 0 1920 957
[ 39044.428] (!!) vmware(0): 
[ 39069.005] (!!) vmware(0): New layout.
[ 39069.005] (!!) vmware(0): 0: 0 0 800 604
[ 39069.005] (!!) vmware(0): 
[ 42852.268] (!!) vmware(0): New layout.
[ 42852.269] (!!) vmware(0): 0: 0 0 1920 957
[ 42852.269] (!!) vmware(0): 
[ 50827.051] (!!) vmware(0): New layout.
[ 50827.051] (!!) vmware(0): 0: 0 0 800 604
[ 50827.051] (!!) vmware(0): 
[ 51715.227] (!!) vmware(0): New layout.
[ 51715.227] (!!) vmware(0): 0: 0 0 1920 957
[ 51715.227] (!!) vmware(0): 
[ 52728.533] (!!) vmware(0): New layout.
[ 52728.534] (!!) vmware(0): 0: 0 0 800 604
[ 52728.534] (!!) vmware(0): 
[ 53000.873] (!!) vmware(0): New layout.
[ 53000.873] (!!) vmware(0): 0: 0 0 1920 957
[ 53000.873] (!!) vmware(0): 
[ 53129.092] (!!) vmware(0): New layout.
[ 53129.092] (!!) vmware(0): 0: 0 0 800 604
[ 53129.092] (!!) vmware(0): 
[ 54000.166] (!!) vmware(0): New layout.
[ 54000.166] (!!) vmware(0): 0: 0 0 1920 957
[ 54000.166] (!!) vmware(0): 
[ 54511.787] (!!) vmware(0): New layout.
[ 54511.787] (!!) vmware(0): 0: 0 0 800 604
[ 54511.787] (!!) vmware(0): 
